2013-05-04 20:39:43+1200 [scrapy] INFO: Scrapy 0.16.4 started (bot: horrible)
2013-05-04 20:39:43+1200 [horrible] INFO: Spider opened
2013-05-04 20:39:43+1200 [horrible] INFO: Crawled 0 pages (at 0 pages/min), scraped 0 items (at 0 items/min)
2013-05-04 20:39:45+1200 [horrible] INFO: Closing spider (finished)
2013-05-04 20:39:45+1200 [horrible] INFO: Dumping Scrapy stats:
	{'downloader/request_bytes': 245,
	 'downloader/request_count': 1,
	 'downloader/request_method_count/GET': 1,
	 'downloader/response_bytes': 6678,
	 'downloader/response_count': 1,
	 'downloader/response_status_count/200': 1,
	 'finish_reason': 'finished',
	 'finish_time': datetime.datetime(2013, 5, 4, 8, 39, 45, 23000),
	 'log_count/INFO': 4,
	 'response_received_count': 1,
	 'scheduler/dequeued': 1,
	 'scheduler/dequeued/memory': 1,
	 'scheduler/enqueued': 1,
	 'scheduler/enqueued/memory': 1,
	 'start_time': datetime.datetime(2013, 5, 4, 8, 39, 43, 995000)}
2013-05-04 20:39:45+1200 [horrible] INFO: Spider closed (finished)
2013-05-04 20:42:32+1200 [scrapy] INFO: Scrapy 0.16.4 started (bot: horrible)
2013-05-05 10:33:32+1200 [scrapy] INFO: Scrapy 0.16.4 started (bot: horrible)
2013-05-05 10:33:34+1200 [horrible] INFO: Spider opened
2013-05-05 10:33:34+1200 [horrible] INFO: Crawled 0 pages (at 0 pages/min), scraped 0 items (at 0 items/min)
2013-05-05 10:33:35+1200 [horrible] INFO: Closing spider (finished)
2013-05-05 10:33:35+1200 [horrible] INFO: Dumping Scrapy stats:
	{'downloader/request_bytes': 242,
	 'downloader/request_count': 1,
	 'downloader/request_method_count/GET': 1,
	 'downloader/response_bytes': 3767,
	 'downloader/response_count': 1,
	 'downloader/response_status_count/200': 1,
	 'finish_reason': 'finished',
	 'finish_time': datetime.datetime(2013, 5, 4, 22, 33, 35, 235000),
	 'log_count/INFO': 4,
	 'response_received_count': 1,
	 'scheduler/dequeued': 1,
	 'scheduler/dequeued/memory': 1,
	 'scheduler/enqueued': 1,
	 'scheduler/enqueued/memory': 1,
	 'start_time': datetime.datetime(2013, 5, 4, 22, 33, 34, 127000)}
2013-05-05 10:33:35+1200 [horrible] INFO: Spider closed (finished)
2013-05-11 19:08:49+1200 [scrapy] INFO: Scrapy 0.16.4 started (bot: horrible)
2013-05-11 19:08:51+1200 [horrible] INFO: Spider opened
2013-05-11 19:08:51+1200 [horrible] INFO: Crawled 0 pages (at 0 pages/min), scraped 0 items (at 0 items/min)
2013-05-11 19:08:52+1200 [horrible] INFO: Closing spider (finished)
2013-05-11 19:08:52+1200 [horrible] INFO: Dumping Scrapy stats:
	{'downloader/request_bytes': 242,
	 'downloader/request_count': 1,
	 'downloader/request_method_count/GET': 1,
	 'downloader/response_bytes': 3720,
	 'downloader/response_count': 1,
	 'downloader/response_status_count/200': 1,
	 'finish_reason': 'finished',
	 'finish_time': datetime.datetime(2013, 5, 11, 7, 8, 52, 264000),
	 'log_count/INFO': 4,
	 'response_received_count': 1,
	 'scheduler/dequeued': 1,
	 'scheduler/dequeued/memory': 1,
	 'scheduler/enqueued': 1,
	 'scheduler/enqueued/memory': 1,
	 'start_time': datetime.datetime(2013, 5, 11, 7, 8, 51, 548000)}
2013-05-11 19:08:52+1200 [horrible] INFO: Spider closed (finished)
2013-05-11 19:14:04+1200 [scrapy] INFO: Scrapy 0.16.4 started (bot: horrible)
2013-05-11 19:16:36+1200 [scrapy] INFO: Scrapy 0.16.4 started (bot: horrible)
